<?xml version="1.0" encoding="UTF-8"?>
<testng-results skipped="0" failed="0" total="0" passed="0">
  <reporter-output>
  </reporter-output>
  <suite name="AutomationFramework.SeleniumAutomationHybridFramework.AppTest" duration-ms="2" started-at="2018-07-05T17:01:16Z" finished-at="2018-07-05T17:01:16Z">
    <groups>
    </groups>
    <test name="Command line test" duration-ms="2" started-at="2018-07-05T17:01:16Z" finished-at="2018-07-05T17:01:16Z">
    </test> <!-- Command line test -->
  </suite> <!-- AutomationFramework.SeleniumAutomationHybridFramework.AppTest -->
</testng-results>
